<?xml version="1.0" encoding="UTF-8"?>
<!-- Generated by org.testng.reporters.JUnitXMLReporter -->
<testsuite hostname="PC4066" ignored="0" name="Create User For All Solution UI Automation" tests="1" failures="1" timestamp="10 Nov 2020 14:17:11 GMT" time="71.052" errors="0">
  <testcase name="verifyToAddVendingMachine" time="36.026" classname="TestCases.KitAndSolution.AddVendingMachineKitTC">
    <failure type="java.lang.AssertionError" message="Unable to Open End User URL expected [true] but found [false]">
      <![CDATA[java.lang.AssertionError: Unable to Open End User URL expected [true] but found [false]
at TestCases.CreateCompanyUser.CreateVendingMachineUserTC.verifyCreateCompanyUser_VendingMachine(CreateVendingMachineUserTC.java:47)
at TestCases.Login.CompanyUserLogin.VendingMachineUserLoginTC.verifyLogin(VendingMachineUserLoginTC.java:37)
at TestCases.AddBuilding.AddVendingLocationTC.verifyCreateLocation_VendingMachine(AddVendingLocationTC.java:36)
at TestCases.KitAndSolution.AddVendingMachineKitTC.verifyToAddVendingMachine(AddVendingMachineKitTC.java:36)
... Removed 32 stack frames]]>
    </failure>
  </testcase> <!-- verifyToAddVendingMachine -->
</testsuite> <!-- Create User For All Solution UI Automation -->
