<?xml version="1.0" encoding="UTF-8"?>
<testsuite xmlns:xsi="http://www.w3.org/2001/XMLSchema-instance" xsi:noNamespaceSchemaLocation="https://maven.apache.org/surefire/maven-surefire-plugin/xsd/surefire-test-report.xsd" name="TestSuite" time="73.528" tests="1" errors="0" skipped="0" failures="1">
  <properties>
[...]
</properties>
  <testcase name="verifyToAddVendingMachine" classname="TestCases.KitAndSolution.AddVendingMachineKitTC" time="36.045">
    <failure message="Unable to Open End User URL expected [true] but found [false]" type="java.lang.AssertionError">java.lang.AssertionError: Unable to Open End User URL expected [true] but found [false]
	at TestCases.KitAndSolution.AddVendingMachineKitTC.verifyToAddVendingMachine(AddVendingMachineKitTC.java:36)
</failure>
    <system-out><![CDATA[D:\SW_Vianv.Mevada\GreenHousessrc/main/resources/config.xml
++++++++++++++++++++++++++++++++++++++++++++++++++++++++++++++++++++++++++++++++++
TEST STARTED # 
++++++++++++++++++++++++++++++++++++++++++++++++++++++++++++++++++++++++++++++++++
]]></system-out>
    <system-err><![CDATA[1605017765091	mozrunner::runner	INFO	Running command: "C:\\Program Files\\Mozilla Firefox\\firefox.exe" "-marionette" "-foreground" "-no-remote" "-profile" "C:\\WINDOWS\\TEMP\\rust_mozprofileaHwKzB"
[GFX1-]: Could not create swap chain: 0x887a0022
[GFX1-]: [D3D11] create swap chain failed: 0x887a0022, 0
[GFX1-]: [D3D11] Failed to init compositor with reason: FEATURE_FAILURE_D3D11_SWAP_CHAIN
[GFX1-]: Could not create swap chain: 0x887a0022
[GFX1-]: [D3D11] create swap chain failed: 0x887a0022, 0
[GFX1-]: [D3D11] Failed to init compositor with reason: FEATURE_FAILURE_D3D11_SWAP_CHAIN
JavaScript error: resource://gre/modules/XULStore.jsm, line 66: Error: Can't find profile directory.
console.error: SearchCache: "_readCacheFile: Error reading cache file:" (new Error("", "(unknown module)"))
[GFX1-]: Could not create swap chain: 0x887a0022
[GFX1-]: [D3D11] create swap chain failed: 0x887a0022, 0
[GFX1-]: [D3D11] Failed to init compositor with reason: FEATURE_FAILURE_D3D11_SWAP_CHAIN
1605017781857	Marionette	INFO	Listening on port 59142
console.error: Region.jsm: "Error fetching region" (new AbortError("The operation was aborted. ", (void 0), 697))
console.error: Region.jsm: "Failed to fetch region" (new Error("NO_RESULT", "resource://gre/modules/Region.jsm", 351))
1605017782502	Marionette	WARN	TLS certificate errors will be ignored for this session
Nov 10, 2020 7:46:22 PM org.openqa.selenium.remote.ProtocolHandshake createSession
INFO: Detected dialect: W3C
Nov 10, 2020 7:46:26 PM com.relevantcodes.extentreports.ExtentReports loadConfig
WARNING: Unable to perform report configuration. The file D:\SW_Vianv.Mevada\GreenHousessrc\main\resources\config.xml was not found.
Nov 10, 2020 7:46:26 PM TestCases.KitAndSolution.AddVendingMachineKitTC verifyToAddVendingMachine
INFO: Bind Hardware kit With Location Test Started
Nov 10, 2020 7:46:26 PM TestCases.AddBuilding.AddVendingLocationTC verifyCreateLocation_VendingMachine
INFO: Create Location For Vending Machine Solution 
Nov 10, 2020 7:46:26 PM TestCases.Login.CompanyUserLogin.VendingMachineUserLoginTC verifyLogin
INFO: Vending Machine Test Case Started
Nov 10, 2020 7:46:26 PM TestCases.CreateCompanyUser.CreateVendingMachineUserTC verifyCreateCompanyUser_VendingMachine
INFO: Create Company User For Vending Machine Solution Test Started
]]></system-err>
  </testcase>
</testsuite>