<?xml version="1.0" encoding="UTF-8"?>
<testng-results skipped="0" failed="1" ignored="0" total="1" passed="0">
  <reporter-output>
  </reporter-output>
  <suite name="Create User For All Solution Test Suite" duration-ms="71052" started-at="2020-11-10T14:16:00Z" finished-at="2020-11-10T14:17:11Z">
    <groups>
    </groups>
    <test name="Create User For All Solution UI Automation" duration-ms="71052" started-at="2020-11-10T14:16:00Z" finished-at="2020-11-10T14:17:11Z">
      <class name="TestCases.KitAndSolution.AddVendingMachineKitTC">
        <test-method status="PASS" signature="beforeClass(java.lang.String, java.lang.String)[pri:0, instance:TestCases.KitAndSolution.AddVendingMachineKitTC@337d0578]" name="beforeClass" is-config="true" duration-ms="25142" started-at="2020-11-10T14:16:00Z" finished-at="2020-11-10T14:16:25Z">
          <params>
            <param index="0">
              <value>
                <![CDATA[firefox]]>
              </value>
            </param>
            <param index="1">
              <value>
                <![CDATA[C:\Program Files\geckodriver.exe]]>
              </value>
            </param>
          </params>
          <reporter-output>
          </reporter-output>
        </test-method> <!-- beforeClass -->
        <test-method status="PASS" signature="beforeMethod(java.lang.String, java.lang.reflect.Method)[pri:0, instance:TestCases.KitAndSolution.AddVendingMachineKitTC@337d0578]" name="beforeMethod" is-config="true" duration-ms="950" started-at="2020-11-10T14:16:25Z" finished-at="2020-11-10T14:16:26Z">
          <params>
            <param index="0">
              <value>
                <![CDATA[firefox]]>
              </value>
            </param>
            <param index="1">
              <value>
                <![CDATA[public void TestCases.KitAndSolution.AddVendingMachineKitTC.verifyToAddVendingMachine() throws java.lang.Exception]]>
              </value>
            </param>
          </params>
          <reporter-output>
          </reporter-output>
        </test-method> <!-- beforeMethod -->
        <test-method status="FAIL" signature="verifyToAddVendingMachine()[pri:0, instance:TestCases.KitAndSolution.AddVendingMachineKitTC@337d0578]" name="verifyToAddVendingMachine" duration-ms="36026" started-at="2020-11-10T14:16:26Z" finished-at="2020-11-10T14:17:02Z">
          <exception class="java.lang.AssertionError">
            <message>
              <![CDATA[Unable to Open End User URL expected [true] but found [false]]]>
            </message>
            <full-stacktrace>
              <![CDATA[java.lang.AssertionError: Unable to Open End User URL expected [true] but found [false]
at org.testng.Assert.fail(Assert.java:96)
at org.testng.Assert.failNotEquals(Assert.java:776)
at org.testng.Assert.assertTrue(Assert.java:44)
at TestCases.CreateCompanyUser.CreateVendingMachineUserTC.verifyCreateCompanyUser_VendingMachine(CreateVendingMachineUserTC.java:47)
at TestCases.Login.CompanyUserLogin.VendingMachineUserLoginTC.verifyLogin(VendingMachineUserLoginTC.java:37)
at TestCases.AddBuilding.AddVendingLocationTC.verifyCreateLocation_VendingMachine(AddVendingLocationTC.java:36)
at TestCases.KitAndSolution.AddVendingMachineKitTC.verifyToAddVendingMachine(AddVendingMachineKitTC.java:36)
at sun.reflect.NativeMethodAccessorImpl.invoke0(Native Method)
at sun.reflect.NativeMethodAccessorImpl.invoke(NativeMethodAccessorImpl.java:62)
at sun.reflect.DelegatingMethodAccessorImpl.invoke(DelegatingMethodAccessorImpl.java:43)
at java.lang.reflect.Method.invoke(Method.java:498)
at org.testng.internal.MethodInvocationHelper.invokeMethod(MethodInvocationHelper.java:124)
at org.testng.internal.Invoker.invokeMethod(Invoker.java:583)
at org.testng.internal.Invoker.invokeTestMethod(Invoker.java:719)
at org.testng.internal.Invoker.invokeTestMethods(Invoker.java:989)
at org.testng.internal.TestMethodWorker.invokeTestMethods(TestMethodWorker.java:125)
at org.testng.internal.TestMethodWorker.run(TestMethodWorker.java:109)
at org.testng.TestRunner.privateRun(TestRunner.java:648)
at org.testng.TestRunner.run(TestRunner.java:505)
at org.testng.SuiteRunner.runTest(SuiteRunner.java:455)
at org.testng.SuiteRunner.runSequentially(SuiteRunner.java:450)
at org.testng.SuiteRunner.privateRun(SuiteRunner.java:415)
at org.testng.SuiteRunner.run(SuiteRunner.java:364)
at org.testng.SuiteRunnerWorker.runSuite(SuiteRunnerWorker.java:52)
at org.testng.SuiteRunnerWorker.run(SuiteRunnerWorker.java:84)
at org.testng.TestNG.runSuitesSequentially(TestNG.java:1208)
at org.testng.TestNG.runSuitesLocally(TestNG.java:1137)
at org.testng.TestNG.runSuites(TestNG.java:1049)
at org.testng.TestNG.run(TestNG.java:1017)
at org.apache.maven.surefire.testng.TestNGExecutor.run(TestNGExecutor.java:283)
at org.apache.maven.surefire.testng.TestNGXmlTestSuite.execute(TestNGXmlTestSuite.java:75)
at org.apache.maven.surefire.testng.TestNGProvider.invoke(TestNGProvider.java:120)
at org.apache.maven.surefire.booter.ForkedBooter.invokeProviderInSameClassLoader(ForkedBooter.java:384)
at org.apache.maven.surefire.booter.ForkedBooter.runSuitesInProcess(ForkedBooter.java:345)
at org.apache.maven.surefire.booter.ForkedBooter.execute(ForkedBooter.java:126)
at org.apache.maven.surefire.booter.ForkedBooter.main(ForkedBooter.java:418)
]]>
            </full-stacktrace>
          </exception> <!-- java.lang.AssertionError -->
          <reporter-output>
          </reporter-output>
        </test-method> <!-- verifyToAddVendingMachine -->
        <test-method status="PASS" signature="afterMethod(org.testng.ITestResult, java.lang.reflect.Method)[pri:0, instance:TestCases.KitAndSolution.AddVendingMachineKitTC@337d0578]" name="afterMethod" is-config="true" duration-ms="3617" started-at="2020-11-10T14:17:02Z" finished-at="2020-11-10T14:17:06Z">
          <params>
            <param index="0">
              <value>
                <![CDATA[[TestResult name=verifyToAddVendingMachine status=FAILURE method=AddVendingMachineKitTC.verifyToAddVendingMachine()[pri:0, instance:TestCases.KitAndSolution.AddVendingMachineKitTC@337d0578] output={null}]]]>
              </value>
            </param>
            <param index="1">
              <value>
                <![CDATA[public void TestCases.KitAndSolution.AddVendingMachineKitTC.verifyToAddVendingMachine() throws java.lang.Exception]]>
              </value>
            </param>
          </params>
          <reporter-output>
          </reporter-output>
        </test-method> <!-- afterMethod -->
        <test-method status="PASS" signature="terminateReport()[pri:0, instance:TestCases.KitAndSolution.AddVendingMachineKitTC@337d0578]" name="terminateReport" is-config="true" duration-ms="5260" started-at="2020-11-10T14:17:06Z" finished-at="2020-11-10T14:17:11Z">
          <reporter-output>
          </reporter-output>
        </test-method> <!-- terminateReport -->
      </class> <!-- TestCases.KitAndSolution.AddVendingMachineKitTC -->
    </test> <!-- Create User For All Solution UI Automation -->
  </suite> <!-- Create User For All Solution Test Suite -->
</testng-results>
