<?xml version="1.0" encoding="UTF-8"?>
<testsuite xmlns:xsi="http://www.w3.org/2001/XMLSchema-instance" xsi:noNamespaceSchemaLocation="https://maven.apache.org/surefire/maven-surefire-plugin/xsd/surefire-test-report.xsd" name="TestSuite" time="142.859" tests="1" errors="0" skipped="0" failures="1">
  <properties>
[...]
</properties>
  <testcase name="verifyToAddVendingMachine" classname="TestCases.KitAndSolution.AddVendingMachineKitTC" time="126.945">
    <failure message="Expected condition failed: waiting for visibility of element located by By.xpath: (//div[@class=&apos;mat-radio-container&apos;])[1] (tried for 60 second(s) with 500 milliseconds interval)" type="org.openqa.selenium.TimeoutException">org.openqa.selenium.TimeoutException: Expected condition failed: waiting for visibility of element located by By.xpath: (//div[@class='mat-radio-container'])[1] (tried for 60 second(s) with 500 milliseconds interval)
	at TestCases.KitAndSolution.AddVendingMachineKitTC.verifyToAddVendingMachine(AddVendingMachineKitTC.java:36)
Caused by: org.openqa.selenium.NoSuchElementException: 
Unable to locate element: (//div[@class='mat-radio-container'])[1]
For documentation on this error, please visit: https://www.seleniumhq.org/exceptions/no_such_element.html
Build info: version: '3.141.59', revision: 'e82be7d358', time: '2018-11-14T08:17:03'
System info: host: 'PC4066', ip: '192.168.42.221', os.name: 'Windows 10', os.arch: 'amd64', os.version: '10.0', java.version: '1.8.0_261'
Driver info: org.openqa.selenium.firefox.FirefoxDriver
Capabilities {acceptInsecureCerts: true, browserName: firefox, browserVersion: 81.0.2, javascriptEnabled: true, moz:accessibilityChecks: false, moz:buildID: 20201012085804, moz:geckodriverVersion: 0.26.0, moz:headless: false, moz:processID: 12628, moz:profile: C:\Windows\Temp\rust_mozpro..., moz:shutdownTimeout: 60000, moz:useNonSpecCompliantPointerOrigin: false, moz:webdriverClick: true, pageLoadStrategy: normal, platform: WINDOWS, platformName: WINDOWS, platformVersion: 10.0, rotatable: false, setWindowRect: true, strictFileInteractability: false, timeouts: {implicit: 0, pageLoad: 300000, script: 30000}, unhandledPromptBehavior: dismiss and notify}
Session ID: 97fcfb44-8cd9-4817-af1d-8162f9364292
*** Element info: {Using=xpath, value=(//div[@class='mat-radio-container'])[1]}
	at TestCases.KitAndSolution.AddVendingMachineKitTC.verifyToAddVendingMachine(AddVendingMachineKitTC.java:36)
</failure>
    <system-out><![CDATA[D:\SW_Vianv.Mevada\GreenHousessrc/main/resources/config.xml
++++++++++++++++++++++++++++++++++++++++++++++++++++++++++++++++++++++++++++++++++
TEST STARTED # 
++++++++++++++++++++++++++++++++++++++++++++++++++++++++++++++++++++++++++++++++++
]]></system-out>
    <system-err><![CDATA[1605082991712	mozrunner::runner	INFO	Running command: "C:\\Program Files\\Mozilla Firefox\\firefox.exe" "-marionette" "-foreground" "-no-remote" "-profile" "C:\\WINDOWS\\TEMP\\rust_mozprofileIIZdhH"
[GFX1-]: Could not create swap chain: 0x887a0022
[GFX1-]: [D3D11] create swap chain failed: 0x887a0022, 0
[GFX1-]: [D3D11] Failed to init compositor with reason: FEATURE_FAILURE_D3D11_SWAP_CHAIN
[GFX1-]: Could not create swap chain: 0x887a0022
[GFX1-]: [D3D11] create swap chain failed: 0x887a0022, 0
[GFX1-]: [D3D11] Failed to init compositor with reason: FEATURE_FAILURE_D3D11_SWAP_CHAIN
JavaScript error: resource://gre/modules/XULStore.jsm, line 66: Error: Can't find profile directory.
console.error: SearchCache: "_readCacheFile: Error reading cache file:" (new Error("", "(unknown module)"))
[GFX1-]: Could not create swap chain: 0x887a0022
[GFX1-]: [D3D11] create swap chain failed: 0x887a0022, 0
[GFX1-]: [D3D11] Failed to init compositor with reason: FEATURE_FAILURE_D3D11_SWAP_CHAIN
1605082997039	Marionette	INFO	Listening on port 53188
1605082997086	Marionette	WARN	TLS certificate errors will be ignored for this session
Nov 11, 2020 1:53:17 PM org.openqa.selenium.remote.ProtocolHandshake createSession
INFO: Detected dialect: W3C
Nov 11, 2020 1:53:17 PM com.relevantcodes.extentreports.ExtentReports loadConfig
WARNING: Unable to perform report configuration. The file D:\SW_Vianv.Mevada\GreenHousessrc\main\resources\config.xml was not found.
Nov 11, 2020 1:53:17 PM TestCases.KitAndSolution.AddVendingMachineKitTC verifyToAddVendingMachine
INFO: Bind Hardware kit With Location Test Started
Nov 11, 2020 1:53:17 PM TestCases.AddBuilding.AddVendingLocationTC verifyCreateLocation_VendingMachine
INFO: Create Location For Vending Machine Solution 
Nov 11, 2020 1:53:17 PM TestCases.Login.CompanyUserLogin.VendingMachineUserLoginTC verifyLogin
INFO: Vending Machine Test Case Started
Nov 11, 2020 1:53:17 PM TestCases.CreateCompanyUser.CreateVendingMachineUserTC verifyCreateCompanyUser_VendingMachine
INFO: Create Company User For Vending Machine Solution Test Started
1605083036965	Marionette	WARN	TimedPromise timed out after 500 ms: stacktrace:
TimedPromise/<@chrome://marionette/content/sync.js:245:13
TimedPromise@chrome://marionette/content/sync.js:230:10
interaction.flushEventLoop@chrome://marionette/content/interaction.js:416:10
webdriverClickElement@chrome://marionette/content/interaction.js:182:31
[GFX1-]: Could not create swap chain: 0x887a0022
[GFX1-]: [D3D11] create swap chain failed: 0x887a0022, 0
[GFX1-]: [D3D11] Failed to init compositor with reason: FEATURE_FAILURE_D3D11_SWAP_CHAIN
]]></system-err>
  </testcase>
</testsuite>